{"C:\\Users\\Ramya\\OneDrive\\Pictures\\Food-Ordering\\src\\sum.js": {"path":"C:\\Users\\Ramya\\OneDrive\\Pictures\\Food-Ordering\\src\\sum.js","statementMap":{"0":{"start":{"line":1,"column":10},"end":{"line":3,"column":1}},"1":{"start":{"line":2,"column":4},"end":{"line":2,"column":15}},"2":{"start":{"line":4,"column":0},"end":{"line":4,"column":21}}},"fnMap":{"0":{"name":"(anonymous_0)","decl":{"start":{"line":1,"column":10},"end":{"line":1,"column":11}},"loc":{"start":{"line":1,"column":17},"end":{"line":3,"column":1}},"line":1}},"branchMap":{},"s":{"0":1,"1":1,"2":1},"f":{"0":1},"b":{},"_coverageSchema":"1a1c01bbd47fc00a2c39e90264f33305004495a9","hash":"f6cccc558c5104cf823ef0058d9d2d5d9ad417f2"}
,"C:\\Users\\Ramya\\OneDrive\\Pictures\\Food-Ordering\\src\\components\\Contact.js": {"path":"C:\\Users\\Ramya\\OneDrive\\Pictures\\Food-Ordering\\src\\components\\Contact.js","statementMap":{"0":{"start":{"line":1,"column":14},"end":{"line":13,"column":1}},"1":{"start":{"line":2,"column":4},"end":{"line":12,"column":5}}},"fnMap":{"0":{"name":"(anonymous_0)","decl":{"start":{"line":1,"column":14},"end":{"line":1,"column":15}},"loc":{"start":{"line":1,"column":18},"end":{"line":13,"column":1}},"line":1}},"branchMap":{},"s":{"0":1,"1":3},"f":{"0":3},"b":{},"_coverageSchema":"1a1c01bbd47fc00a2c39e90264f33305004495a9","hash":"5972c08d1c74d2b33096a8674194433006e17caf"}
}
